2025-10-23 16:31:40,194 - INFO - === Pipeline started ===
2025-10-23 16:31:40,508 - INFO - Missing values:
Time      0
V1        0
V2        0
V3        0
V4        0
V5        0
V6        0
V7        0
V8        0
V9        0
V10       0
V11       0
V12       0
V13       0
V14       0
V15       0
V16       0
V17       0
V18       0
V19       0
V20       0
V21       0
V22       0
V23       0
V24       0
V25       0
V26       0
V27       0
V28       0
Amount    0
Class     0
2025-10-23 16:31:40,642 - INFO - Numeric missing values imputed with column means
2025-10-23 16:31:40,649 - INFO - 'Amount' normalized to 'normalized_amount'
2025-10-23 16:31:41,709 - INFO - Saved correlation_heatmap.png
2025-10-23 16:31:41,929 - INFO - Saved class_distribution.png
2025-10-23 16:34:09,032 - INFO - Saved feature_importance.png
2025-10-23 16:34:09,033 - INFO - Pipeline completed in 148.84 seconds
2025-10-23 17:34:57,351 - INFO - === Pipeline started ===
2025-10-23 17:34:57,689 - INFO - Missing values:
Time      0
V1        0
V2        0
V3        0
V4        0
V5        0
V6        0
V7        0
V8        0
V9        0
V10       0
V11       0
V12       0
V13       0
V14       0
V15       0
V16       0
V17       0
V18       0
V19       0
V20       0
V21       0
V22       0
V23       0
V24       0
V25       0
V26       0
V27       0
V28       0
Amount    0
Class     0
2025-10-23 17:34:57,839 - INFO - Numeric missing values imputed with column means
2025-10-23 17:34:57,848 - INFO - 'Amount' normalized to 'normalized_amount'
2025-10-23 17:34:58,715 - INFO - Saved correlation_heatmap.png
2025-10-23 17:34:58,837 - INFO - Saved class_distribution.png
2025-10-23 17:37:02,031 - INFO - Saved feature_importance.png
2025-10-23 17:37:02,032 - INFO - Pipeline completed in 124.68 seconds
2025-10-23 18:59:04,262 - INFO - === Pipeline started ===
2025-10-23 18:59:04,992 - INFO - Missing values:
Time      0
V1        0
V2        0
V3        0
V4        0
V5        0
V6        0
V7        0
V8        0
V9        0
V10       0
V11       0
V12       0
V13       0
V14       0
V15       0
V16       0
V17       0
V18       0
V19       0
V20       0
V21       0
V22       0
V23       0
V24       0
V25       0
V26       0
V27       0
V28       0
Amount    0
Class     0
2025-10-23 18:59:05,233 - INFO - Numeric missing values imputed with column means
2025-10-23 18:59:05,244 - INFO - 'Amount' normalized to 'normalized_amount'
2025-10-23 18:59:07,329 - INFO - Saved correlation_heatmap.png
2025-10-23 18:59:07,618 - INFO - Saved class_distribution.png
2025-10-23 19:03:53,810 - INFO - Saved feature_importance.png
2025-10-23 19:03:53,811 - INFO - Pipeline completed in 289.55 seconds
